11:31:58.808 detox[7657] [90mB[39m node_modules/.bin/detox test --configuration ios.sim.debug --take-screenshots all
  data: {
    "id": "c6d75ba8-84e9-ea9e-b36f-58b140865a08",
    "detoxConfig": {
      "configurationName": "ios.sim.debug",
      "apps": {
        "default": {
          "type": "ios.app",
          "binaryPath": "ios/build/Build/Products/Debug-iphonesimulator/PipeflowClean.app",
          "build": "xcodebuild -workspace ios/PipeflowClean.xcworkspace -scheme PipeflowClean -configuration Debug -sdk iphonesimulator -derivedDataPath ios/build"
        }
      },
      "artifacts": {
        "rootDir": "e2e/artifacts/ios.sim.debug.2025-12-16 10-31-58Z",
        "plugins": {
          "log": {
            "enabled": true,
            "keepOnlyFailedTestsArtifacts": false
          },
          "screenshot": {
            "enabled": true,
            "shouldTakeAutomaticSnapshots": true,
            "keepOnlyFailedTestsArtifacts": false,
            "takeWhen": {
              "testStart": false,
              "testDone": true,
              "testFailure": true
            }
          },
          "video": {
            "enabled": false,
            "keepOnlyFailedTestsArtifacts": false
          },
          "instruments": {
            "enabled": false,
            "keepOnlyFailedTestsArtifacts": false
          },
          "uiHierarchy": {
            "enabled": false,
            "keepOnlyFailedTestsArtifacts": false
          }
        }
      },
      "behavior": {
        "init": {
          "keepLockFile": false,
          "reinstallApp": true,
          "exposeGlobals": true
        },
        "cleanup": {
          "shutdownDevice": false
        },
        "launchApp": "auto"
      },
      "cli": {
        "takeScreenshots": "all",
        "configuration": "ios.sim.debug",
        "start": true
      },
      "commands": [
        {
          "appName": "default",
          "build": "xcodebuild -workspace ios/PipeflowClean.xcworkspace -scheme PipeflowClean -configuration Debug -sdk iphonesimulator -derivedDataPath ios/build"
        }
      ],
      "device": {
        "type": "ios.simulator",
        "device": {
          "type": "iPhone 15"
        }
      },
      "logger": {
        "level": "info",
        "overrideConsole": true,
        "options": {
          "showLoggerName": true,
          "showPid": true,
          "showLevel": false,
          "showMetadata": false,
          "basepath": "/Users/toni/Projects/PipeflowClean/node_modules/detox/src",
          "prefixers": {},
          "stringifiers": {}
        }
      },
      "testRunner": {
        "retries": 0,
        "forwardEnv": false,
        "detached": false,
        "bail": false,
        "noRetryArgs": [
          "shard"
        ],
        "jest": {
          "setupTimeout": 120000,
          "teardownTimeout": 30000,
          "retryAfterCircusRetries": false,
          "reportWorkerAssign": true
        },
        "args": {
          "$0": "jest",
          "_": [],
          "config": "e2e/jest.config.js",
          "--": []
        }
      },
      "session": {
        "autoStart": true,
        "debugSynchronization": 10000
      }
    },
    "detoxIPCServer": "primary-7657",
    "testResults": [],
    "testSessionIndex": 0,
    "workersCount": 0
  }
11:31:58.833 detox[7657] [90mi[39m Server path not specified, so defaulting to ipc.config.socketRoot + ipc.config.appspace + ipc.config.id /tmp/detox.primary-7657
11:31:58.834 detox[7657] [90mi[39m starting server on  /tmp/detox.primary-7657 
11:31:58.834 detox[7657] [90mi[39m starting TLS server false
11:31:58.834 detox[7657] [90mi[39m starting server as Unix || Windows Socket
11:31:58.835 detox[7657] [90mi[39m Detox server listening on localhost:58624...
11:31:58.837 detox[7657] [90mi[39m Serialized the session state at: /private/var/folders/08/4_vp2k351xg4lrxbvsmfkrth0000gn/T/c6d75ba8-84e9-ea9e-b36f-58b140865a08.detox.json
11:31:58.838 detox[7657] [90mB[39m jest --config e2e/jest.config.js
11:32:00.907 detox[7658] [90mi[39m Service path not specified, so defaulting to ipc.config.socketRoot + ipc.config.appspace + id 
11:32:00.908 detox[7658] [90mi[39m requested connection to  primary-7657 /tmp/detox.primary-7657
11:32:00.908 detox[7658] [90mi[39m Connecting client on Unix Socket : /tmp/detox.primary-7657
11:32:00.909 detox[7657] [90mi[39m ## socket connection to server detected ##
11:32:00.909 detox[7657] [90mi[39m received event of :  registerContext { id: 'secondary-7658' }
11:32:00.909 detox[7658] [90mi[39m retrying reset
11:32:00.909 detox[7658] [90mi[39m dispatching event to  primary-7657 /tmp/detox.primary-7657  :  registerContext , { id: 'secondary-7658' }
11:32:00.910 detox[7657] [90mi[39m dispatching event to socket  :  registerContextDone {
  testResults: [],
  testSessionIndex: 0,
  unsafe_earlyTeardown: undefined
}
11:32:00.910 detox[7658] [90mi[39m ## received events ##
11:32:00.910 detox[7658] [90mi[39m detected event registerContextDone { testResults: [], testSessionIndex: 0 }
11:32:01.167 detox[7658] [90mB[39m e2e/pipeflow.test.js
11:32:01.178 detox[7658] [90mB[39m set up environment
11:32:01.179 detox[7657] [90mi[39m received event of :  registerWorker { workerId: 'w1' }
11:32:01.179 detox[7658] [90mi[39m dispatching event to  primary-7657 /tmp/detox.primary-7657  :  registerWorker , { workerId: 'w1' }
11:32:01.180 detox[7657] [90mi[39m dispatching event to socket  :  registerWorkerDone { workersCount: 1 }
11:32:01.180 detox[7657] [90mi[39m broadcasting event to all known sockets listening to  /tmp/detox.primary-7657  :   sessionStateUpdate { workersCount: 1 }
11:32:01.181 detox[7658] [90mi[39m ## received events ##
11:32:01.181 detox[7658] [90mi[39m detected event registerWorkerDone { workersCount: 1 }
11:32:01.182 detox[7658] [90mi[39m detected event sessionStateUpdate { workersCount: 1 }
11:32:01.858 detox[7657] [90mB[39m connection :58624<->:58629
11:32:01.859 detox[7658] [90mi[39m opened web socket to: ws://localhost:58624
11:32:01.861 detox[7658] [90mi[39m send message
  data: {"type":"login","params":{"sessionId":"21d7bbc5-2877-bf1b-290a-c73fa5d9fe30","role":"tester"},"messageId":0}
11:32:01.862 detox[7657] [90mi[39m get
  data: {"type":"login","params":{"sessionId":"21d7bbc5-2877-bf1b-290a-c73fa5d9fe30","role":"tester"},"messageId":0}
11:32:01.862 detox[7657] [90mi[39m created session 21d7bbc5-2877-bf1b-290a-c73fa5d9fe30
11:32:01.862 detox[7657] [90mi[39m send
  data: {
    "type": "loginSuccess",
    "params": {
      "testerConnected": true,
      "appConnected": false
    },
    "messageId": 0
  }
11:32:01.862 detox[7657] [90mi[39m tester joined session 21d7bbc5-2877-bf1b-290a-c73fa5d9fe30
11:32:01.863 detox[7658] [90mi[39m get message
  data: {"type":"loginSuccess","params":{"testerConnected":true,"appConnected":false},"messageId":0}
   
11:32:01.989 detox[7658] [90mi[39m dispatching event to  primary-7657 /tmp/detox.primary-7657  :  allocateDevice , {
  deviceConfig: { type: 'ios.simulator', device: { type: 'iPhone 15' } }
}
11:32:01.990 detox[7657] [90mi[39m received event of :  allocateDevice {
  deviceConfig: { type: 'ios.simulator', device: { type: 'iPhone 15' } }
}
11:32:01.996 detox[7657] [90mB[39m init
  args: ()
11:32:01.998 detox[7657] [90mE[39m init
11:32:01.998 detox[7657] [90mB[39m allocate
  data: {
    "type": "ios.simulator",
    "device": {
      "type": "iPhone 15"
    }
  }
11:32:02.005 detox[7657] [90mE[39m allocate
  error: Command failed: applesimutils --version
  /bin/sh: applesimutils: command not found
  
11:32:02.006 detox[7657] [90mi[39m dispatching event to socket  :  allocateDeviceDone {
  error: {
    code: 127,
    killed: false,
    signal: null,
    cmd: 'applesimutils --version',
    stdout: '',
    stderr: '/bin/sh: applesimutils: command not found\n',
    name: 'Error',
    message: 'Command failed: applesimutils --version\n' +
      '/bin/sh: applesimutils: command not found\n',
    stack: 'Error: Command failed: applesimutils --version\n' +
      '/bin/sh: applesimutils: command not found\n' +
      '\n' +
      '    at genericNodeError (node:internal/errors:983:15)\n' +
      '    at wrappedFn (node:internal/errors:537:14)\n' +
      '    at ChildProcess.exithandler (node:child_process:417:12)\n' +
      '    at ChildProcess.emit (node:events:519:28)\n' +
      '    at maybeClose (node:internal/child_process:1101:16)\n' +
      '    at Socket.<anonymous> (node:internal/child_process:456:11)\n' +
      '    at Socket.emit (node:events:519:28)\n' +
      '    at Pipe.<anonymous> (node:net:346:12)'
  }
}
11:32:02.006 detox[7658] [90mi[39m ## received events ##
11:32:02.006 detox[7658] [90mi[39m detected event allocateDeviceDone {
  error: {
    code: 127,
    killed: false,
    signal: null,
    cmd: 'applesimutils --version',
    stdout: '',
    stderr: '/bin/sh: applesimutils: command not found\n',
    name: 'Error',
    message: 'Command failed: applesimutils --version\n' +
      '/bin/sh: applesimutils: command not found\n',
    stack: 'Error: Command failed: applesimutils --version\n' +
      '/bin/sh: applesimutils: command not found\n' +
      '\n' +
      '    at genericNodeError (node:internal/errors:983:15)\n' +
      '    at wrappedFn (node:internal/errors:537:14)\n' +
      '    at ChildProcess.exithandler (node:child_process:417:12)\n' +
      '    at ChildProcess.emit (node:events:519:28)\n' +
      '    at maybeClose (node:internal/child_process:1101:16)\n' +
      '    at Socket.<anonymous> (node:internal/child_process:456:11)\n' +
      '    at Socket.emit (node:events:519:28)\n' +
      '    at Pipe.<anonymous> (node:net:346:12)'
  }
}
11:32:02.007 detox[7658] [90mE[39m set up environment
  error: Command failed: applesimutils --version
  /bin/sh: applesimutils: command not found
  
11:32:02.007 detox[7658] [90mB[39m tear down environment
11:32:02.007 detox[7658] [90mB[39m onBeforeCleanup
  args: ()
11:32:02.009 detox[7658] [90mi[39m saving FileArtifact to: e2e/artifacts/ios.sim.debug.2025-12-16 10-31-58Z/detox_pid_7658.json.log { append: true }
11:32:02.009 detox[7658] [90mi[39m saving FileArtifact to: e2e/artifacts/ios.sim.debug.2025-12-16 10-31-58Z/detox_pid_7658.log { append: true }
11:32:02.009 detox[7658] [90mE[39m onBeforeCleanup
11:32:02.010 detox[7657] [90mi[39m tester exited session 21d7bbc5-2877-bf1b-290a-c73fa5d9fe30
11:32:02.010 detox[7657] [90mE[39m connection :58624<->:58629
11:32:02.010 detox[7658] [90mE[39m tear down environment
11:32:02.010 detox[7658] [90mE[39m e2e/pipeflow.test.js
11:32:02.018 detox[7657] [90mi[39m received event of :  reportTestResults {
  testResults: [
    {
      success: false,
      testFilePath: '/Users/toni/Projects/PipeflowClean/e2e/pipeflow.test.js',
      testExecError: {
        code: 127,
        killed: false,
        signal: null,
        cmd: 'applesimutils --version',
        stdout: '',
        stderr: '/bin/sh: applesimutils: command not found\n',
        name: 'Error',
        message: 'Command failed: applesimutils --version\n' +
          '/bin/sh: applesimutils: command not found\n',
        stack: 'Error: Command failed: applesimutils --version\n' +
          '/bin/sh: applesimutils: command not found\n' +
          '\n' +
          '    at genericNodeError (node:internal/errors:983:15)\n' +
          '    at wrappedFn (node:internal/errors:537:14)\n' +
          '    at ChildProcess.exithandler (node:child_process:417:12)\n' +
          '    at ChildProcess.emit (node:events:519:28)\n' +
          '    at maybeClose (node:internal/child_process:1101:16)\n' +
          '    at Socket.<anonymous> (node:internal/child_process:456:11)\n' +
          '    at Socket.emit (node:events:519:28)\n' +
          '    at Pipe.<anonymous> (node:net:346:12)'
      },
      isPermanentFailure: false
    }
  ]
}
11:32:02.018 detox[7657] [90mi[39m dispatching event to socket  :  reportTestResultsDone {
  testResults: [
    {
      success: false,
      testFilePath: '/Users/toni/Projects/PipeflowClean/e2e/pipeflow.test.js',
      testExecError: {
        code: 127,
        killed: false,
        signal: null,
        cmd: 'applesimutils --version',
        stdout: '',
        stderr: '/bin/sh: applesimutils: command not found\n',
        name: 'Error',
        message: 'Command failed: applesimutils --version\n' +
          '/bin/sh: applesimutils: command not found\n',
        stack: 'Error: Command failed: applesimutils --version\n' +
          '/bin/sh: applesimutils: command not found\n' +
          '\n' +
          '    at genericNodeError (node:internal/errors:983:15)\n' +
          '    at wrappedFn (node:internal/errors:537:14)\n' +
          '    at ChildProcess.exithandler (node:child_process:417:12)\n' +
          '    at ChildProcess.emit (node:events:519:28)\n' +
          '    at maybeClose (node:internal/child_process:1101:16)\n' +
          '    at Socket.<anonymous> (node:internal/child_process:456:11)\n' +
          '    at Socket.emit (node:events:519:28)\n' +
          '    at Pipe.<anonymous> (node:net:346:12)'
      },
      isPermanentFailure: false
    }
  ]
}
11:32:02.018 detox[7657] [90mi[39m broadcasting event to all known sockets listening to  /tmp/detox.primary-7657  :   sessionStateUpdate {
  testResults: [
    {
      success: false,
      testFilePath: '/Users/toni/Projects/PipeflowClean/e2e/pipeflow.test.js',
      testExecError: {
        code: 127,
        killed: false,
        signal: null,
        cmd: 'applesimutils --version',
        stdout: '',
        stderr: '/bin/sh: applesimutils: command not found\n',
        name: 'Error',
        message: 'Command failed: applesimutils --version\n' +
          '/bin/sh: applesimutils: command not found\n',
        stack: 'Error: Command failed: applesimutils --version\n' +
          '/bin/sh: applesimutils: command not found\n' +
          '\n' +
          '    at genericNodeError (node:internal/errors:983:15)\n' +
          '    at wrappedFn (node:internal/errors:537:14)\n' +
          '    at ChildProcess.exithandler (node:child_process:417:12)\n' +
          '    at ChildProcess.emit (node:events:519:28)\n' +
          '    at maybeClose (node:internal/child_process:1101:16)\n' +
          '    at Socket.<anonymous> (node:internal/child_process:456:11)\n' +
          '    at Socket.emit (node:events:519:28)\n' +
          '    at Pipe.<anonymous> (node:net:346:12)'
      },
      isPermanentFailure: false
    }
  ]
}
11:32:02.018 detox[7658] [90mi[39m dispatching event to  primary-7657 /tmp/detox.primary-7657  :  reportTestResults , {
  testResults: [
    {
      success: false,
      testFilePath: '/Users/toni/Projects/PipeflowClean/e2e/pipeflow.test.js',
      testExecError: {
        code: 127,
        killed: false,
        signal: null,
        cmd: 'applesimutils --version',
        stdout: '',
        stderr: '/bin/sh: applesimutils: command not found\n',
        name: 'Error',
        message: 'Command failed: applesimutils --version\n' +
          '/bin/sh: applesimutils: command not found\n',
        stack: 'Error: Command failed: applesimutils --version\n' +
          '/bin/sh: applesimutils: command not found\n' +
          '\n' +
          '    at genericNodeError (node:internal/errors:983:15)\n' +
          '    at wrappedFn (node:internal/errors:537:14)\n' +
          '    at ChildProcess.exithandler (node:child_process:417:12)\n' +
          '    at ChildProcess.emit (node:events:519:28)\n' +
          '    at maybeClose (node:internal/child_process:1101:16)\n' +
          '    at Socket.<anonymous> (node:internal/child_process:456:11)\n' +
          '    at Socket.emit (node:events:519:28)\n' +
          '    at Pipe.<anonymous> (node:net:346:12)'
      },
      isPermanentFailure: false
    }
  ]
}
11:32:02.018 detox[7658] [90mi[39m ## received events ##
11:32:02.018 detox[7658] [90mi[39m detected event reportTestResultsDone {
  testResults: [
    {
      success: false,
      testFilePath: '/Users/toni/Projects/PipeflowClean/e2e/pipeflow.test.js',
      testExecError: {
        code: 127,
        killed: false,
        signal: null,
        cmd: 'applesimutils --version',
        stdout: '',
        stderr: '/bin/sh: applesimutils: command not found\n',
        name: 'Error',
        message: 'Command failed: applesimutils --version\n' +
          '/bin/sh: applesimutils: command not found\n',
        stack: 'Error: Command failed: applesimutils --version\n' +
          '/bin/sh: applesimutils: command not found\n' +
          '\n' +
          '    at genericNodeError (node:internal/errors:983:15)\n' +
          '    at wrappedFn (node:internal/errors:537:14)\n' +
          '    at ChildProcess.exithandler (node:child_process:417:12)\n' +
          '    at ChildProcess.emit (node:events:519:28)\n' +
          '    at maybeClose (node:internal/child_process:1101:16)\n' +
          '    at Socket.<anonymous> (node:internal/child_process:456:11)\n' +
          '    at Socket.emit (node:events:519:28)\n' +
          '    at Pipe.<anonymous> (node:net:346:12)'
      },
      isPermanentFailure: false
    }
  ]
}
11:32:02.021 detox[7657] [90mi[39m socket disconnected secondary-7658
11:32:02.021 detox[7658] [90mi[39m connection closed primary-7657 /tmp/detox.primary-7657 0 tries remaining of 0
11:32:02.021 detox[7658] [90mi[39m secondary-7658 exceeded connection rety amount of  or stopRetrying flag set.
11:32:02.062 detox[7657] [90mE[39m Command failed with exit code = 1:
jest --config e2e/jest.config.js
11:32:02.062 detox[7657] [90mB[39m cleanup
  args: ()
11:32:02.065 detox[7657] [90mE[39m cleanup
11:32:02.065 detox[7657] [90mi[39m Detox server has been closed gracefully
11:32:02.066 detox[7657] [90mE[39m node_modules/.bin/detox test --configuration ios.sim.debug --take-screenshots all
