11:40:55.757 detox[20370] [90mB[39m node_modules/.bin/detox test --configuration ios.sim.debug --take-screenshots all
  data: {
    "id": "6165ac2a-25d1-8c6c-83d1-c2f0a4ef5782",
    "detoxConfig": {
      "configurationName": "ios.sim.debug",
      "apps": {
        "default": {
          "type": "ios.app",
          "binaryPath": "ios/build/Build/Products/Debug-iphonesimulator/PipeflowClean.app",
          "build": "xcodebuild -workspace ios/PipeflowClean.xcworkspace -scheme PipeflowClean -configuration Debug -sdk iphonesimulator -derivedDataPath ios/build"
        }
      },
      "artifacts": {
        "rootDir": "e2e/artifacts/ios.sim.debug.2025-12-16 10-40-55Z",
        "plugins": {
          "log": {
            "enabled": true,
            "keepOnlyFailedTestsArtifacts": false
          },
          "screenshot": {
            "enabled": true,
            "shouldTakeAutomaticSnapshots": true,
            "keepOnlyFailedTestsArtifacts": false,
            "takeWhen": {
              "testStart": false,
              "testDone": true,
              "testFailure": true
            }
          },
          "video": {
            "enabled": false,
            "keepOnlyFailedTestsArtifacts": false
          },
          "instruments": {
            "enabled": false,
            "keepOnlyFailedTestsArtifacts": false
          },
          "uiHierarchy": {
            "enabled": false,
            "keepOnlyFailedTestsArtifacts": false
          }
        }
      },
      "behavior": {
        "init": {
          "keepLockFile": false,
          "reinstallApp": true,
          "exposeGlobals": true
        },
        "cleanup": {
          "shutdownDevice": false
        },
        "launchApp": "auto"
      },
      "cli": {
        "takeScreenshots": "all",
        "configuration": "ios.sim.debug",
        "start": true
      },
      "commands": [
        {
          "appName": "default",
          "build": "xcodebuild -workspace ios/PipeflowClean.xcworkspace -scheme PipeflowClean -configuration Debug -sdk iphonesimulator -derivedDataPath ios/build"
        }
      ],
      "device": {
        "type": "ios.simulator",
        "device": {
          "type": "iPhone 15"
        }
      },
      "logger": {
        "level": "info",
        "overrideConsole": true,
        "options": {
          "showLoggerName": true,
          "showPid": true,
          "showLevel": false,
          "showMetadata": false,
          "basepath": "/Users/toni/Projects/PipeflowClean/node_modules/detox/src",
          "prefixers": {},
          "stringifiers": {}
        }
      },
      "testRunner": {
        "retries": 0,
        "forwardEnv": false,
        "detached": false,
        "bail": false,
        "noRetryArgs": [
          "shard"
        ],
        "jest": {
          "setupTimeout": 120000,
          "teardownTimeout": 30000,
          "retryAfterCircusRetries": false,
          "reportWorkerAssign": true
        },
        "args": {
          "$0": "jest",
          "_": [],
          "config": "e2e/jest.config.js",
          "--": []
        }
      },
      "session": {
        "autoStart": true,
        "debugSynchronization": 10000
      }
    },
    "detoxIPCServer": "primary-20370",
    "testResults": [],
    "testSessionIndex": 0,
    "workersCount": 0
  }
11:40:55.791 detox[20370] [90mi[39m Server path not specified, so defaulting to ipc.config.socketRoot + ipc.config.appspace + ipc.config.id /tmp/detox.primary-20370
11:40:55.792 detox[20370] [90mi[39m starting server on  /tmp/detox.primary-20370 
11:40:55.792 detox[20370] [90mi[39m starting TLS server false
11:40:55.792 detox[20370] [90mi[39m starting server as Unix || Windows Socket
11:40:55.794 detox[20370] [90mi[39m Detox server listening on localhost:59113...
11:40:55.796 detox[20370] [90mi[39m Serialized the session state at: /private/var/folders/08/4_vp2k351xg4lrxbvsmfkrth0000gn/T/6165ac2a-25d1-8c6c-83d1-c2f0a4ef5782.detox.json
11:40:55.796 detox[20370] [90mB[39m jest --config e2e/jest.config.js
11:40:57.703 detox[20371] [90mi[39m Service path not specified, so defaulting to ipc.config.socketRoot + ipc.config.appspace + id 
11:40:57.704 detox[20371] [90mi[39m requested connection to  primary-20370 /tmp/detox.primary-20370
11:40:57.704 detox[20371] [90mi[39m Connecting client on Unix Socket : /tmp/detox.primary-20370
11:40:57.705 detox[20370] [90mi[39m ## socket connection to server detected ##
11:40:57.705 detox[20371] [90mi[39m retrying reset
11:40:57.705 detox[20371] [90mi[39m dispatching event to  primary-20370 /tmp/detox.primary-20370  :  registerContext , { id: 'secondary-20371' }
11:40:57.706 detox[20370] [90mi[39m received event of :  registerContext { id: 'secondary-20371' }
11:40:57.706 detox[20370] [90mi[39m dispatching event to socket  :  registerContextDone {
  testResults: [],
  testSessionIndex: 0,
  unsafe_earlyTeardown: undefined
}
11:40:57.706 detox[20371] [90mi[39m ## received events ##
11:40:57.706 detox[20371] [90mi[39m detected event registerContextDone { testResults: [], testSessionIndex: 0 }
11:40:58.075 detox[20371] [90mB[39m e2e/pipeflow.test.js
11:40:58.097 detox[20371] [90mB[39m set up environment
11:40:58.099 detox[20370] [90mi[39m received event of :  registerWorker { workerId: 'w1' }
11:40:58.099 detox[20370] [90mi[39m dispatching event to socket  :  registerWorkerDone { workersCount: 1 }
11:40:58.099 detox[20371] [90mi[39m dispatching event to  primary-20370 /tmp/detox.primary-20370  :  registerWorker , { workerId: 'w1' }
11:40:58.100 detox[20370] [90mi[39m broadcasting event to all known sockets listening to  /tmp/detox.primary-20370  :   sessionStateUpdate { workersCount: 1 }
11:40:58.100 detox[20371] [90mi[39m ## received events ##
11:40:58.100 detox[20371] [90mi[39m detected event registerWorkerDone { workersCount: 1 }
11:40:58.100 detox[20371] [90mi[39m detected event sessionStateUpdate { workersCount: 1 }
11:40:58.983 detox[20370] [90mB[39m connection :59113<->:59116
11:40:58.984 detox[20371] [90mi[39m opened web socket to: ws://localhost:59113
11:40:58.987 detox[20371] [90mi[39m send message
  data: {"type":"login","params":{"sessionId":"f8e5a494-7f22-0b70-117a-a0c210341e8f","role":"tester"},"messageId":0}
11:40:58.988 detox[20370] [90mi[39m get
  data: {"type":"login","params":{"sessionId":"f8e5a494-7f22-0b70-117a-a0c210341e8f","role":"tester"},"messageId":0}
11:40:58.988 detox[20370] [90mi[39m created session f8e5a494-7f22-0b70-117a-a0c210341e8f
11:40:58.988 detox[20370] [90mi[39m send
  data: {
    "type": "loginSuccess",
    "params": {
      "testerConnected": true,
      "appConnected": false
    },
    "messageId": 0
  }
11:40:58.989 detox[20370] [90mi[39m tester joined session f8e5a494-7f22-0b70-117a-a0c210341e8f
11:40:58.989 detox[20371] [90mi[39m get message
  data: {"type":"loginSuccess","params":{"testerConnected":true,"appConnected":false},"messageId":0}
   
11:40:59.146 detox[20370] [90mi[39m received event of :  allocateDevice {
  deviceConfig: { type: 'ios.simulator', device: { type: 'iPhone 15' } }
}
11:40:59.146 detox[20371] [90mi[39m dispatching event to  primary-20370 /tmp/detox.primary-20370  :  allocateDevice , {
  deviceConfig: { type: 'ios.simulator', device: { type: 'iPhone 15' } }
}
11:40:59.155 detox[20370] [90mB[39m init
  args: ()
11:40:59.157 detox[20370] [90mE[39m init
11:40:59.157 detox[20370] [90mB[39m allocate
  data: {
    "type": "ios.simulator",
    "device": {
      "type": "iPhone 15"
    }
  }
11:40:59.164 detox[20370] [90mE[39m allocate
  error: Command failed: applesimutils --version
  /bin/sh: applesimutils: command not found
  
11:40:59.165 detox[20370] [90mi[39m dispatching event to socket  :  allocateDeviceDone {
  error: {
    code: 127,
    killed: false,
    signal: null,
    cmd: 'applesimutils --version',
    stdout: '',
    stderr: '/bin/sh: applesimutils: command not found\n',
    name: 'Error',
    message: 'Command failed: applesimutils --version\n' +
      '/bin/sh: applesimutils: command not found\n',
    stack: 'Error: Command failed: applesimutils --version\n' +
      '/bin/sh: applesimutils: command not found\n' +
      '\n' +
      '    at genericNodeError (node:internal/errors:983:15)\n' +
      '    at wrappedFn (node:internal/errors:537:14)\n' +
      '    at ChildProcess.exithandler (node:child_process:417:12)\n' +
      '    at ChildProcess.emit (node:events:519:28)\n' +
      '    at maybeClose (node:internal/child_process:1101:16)\n' +
      '    at Socket.<anonymous> (node:internal/child_process:456:11)\n' +
      '    at Socket.emit (node:events:519:28)\n' +
      '    at Pipe.<anonymous> (node:net:346:12)'
  }
}
11:40:59.165 detox[20371] [90mi[39m ## received events ##
11:40:59.166 detox[20371] [90mi[39m detected event allocateDeviceDone {
  error: {
    code: 127,
    killed: false,
    signal: null,
    cmd: 'applesimutils --version',
    stdout: '',
    stderr: '/bin/sh: applesimutils: command not found\n',
    name: 'Error',
    message: 'Command failed: applesimutils --version\n' +
      '/bin/sh: applesimutils: command not found\n',
    stack: 'Error: Command failed: applesimutils --version\n' +
      '/bin/sh: applesimutils: command not found\n' +
      '\n' +
      '    at genericNodeError (node:internal/errors:983:15)\n' +
      '    at wrappedFn (node:internal/errors:537:14)\n' +
      '    at ChildProcess.exithandler (node:child_process:417:12)\n' +
      '    at ChildProcess.emit (node:events:519:28)\n' +
      '    at maybeClose (node:internal/child_process:1101:16)\n' +
      '    at Socket.<anonymous> (node:internal/child_process:456:11)\n' +
      '    at Socket.emit (node:events:519:28)\n' +
      '    at Pipe.<anonymous> (node:net:346:12)'
  }
}
11:40:59.166 detox[20371] [90mE[39m set up environment
  error: Command failed: applesimutils --version
  /bin/sh: applesimutils: command not found
  
11:40:59.167 detox[20371] [90mB[39m tear down environment
11:40:59.167 detox[20371] [90mB[39m onBeforeCleanup
  args: ()
11:40:59.168 detox[20371] [90mi[39m saving FileArtifact to: e2e/artifacts/ios.sim.debug.2025-12-16 10-40-55Z/detox_pid_20371.json.log { append: true }
11:40:59.168 detox[20371] [90mi[39m saving FileArtifact to: e2e/artifacts/ios.sim.debug.2025-12-16 10-40-55Z/detox_pid_20371.log { append: true }
11:40:59.168 detox[20371] [90mE[39m onBeforeCleanup
11:40:59.170 detox[20370] [90mi[39m tester exited session f8e5a494-7f22-0b70-117a-a0c210341e8f
11:40:59.170 detox[20370] [90mE[39m connection :59113<->:59116
11:40:59.170 detox[20371] [90mE[39m tear down environment
11:40:59.170 detox[20371] [90mE[39m e2e/pipeflow.test.js
11:40:59.178 detox[20370] [90mi[39m received event of :  reportTestResults {
  testResults: [
    {
      success: false,
      testFilePath: '/Users/toni/Projects/PipeflowClean/e2e/pipeflow.test.js',
      testExecError: {
        code: 127,
        killed: false,
        signal: null,
        cmd: 'applesimutils --version',
        stdout: '',
        stderr: '/bin/sh: applesimutils: command not found\n',
        name: 'Error',
        message: 'Command failed: applesimutils --version\n' +
          '/bin/sh: applesimutils: command not found\n',
        stack: 'Error: Command failed: applesimutils --version\n' +
          '/bin/sh: applesimutils: command not found\n' +
          '\n' +
          '    at genericNodeError (node:internal/errors:983:15)\n' +
          '    at wrappedFn (node:internal/errors:537:14)\n' +
          '    at ChildProcess.exithandler (node:child_process:417:12)\n' +
          '    at ChildProcess.emit (node:events:519:28)\n' +
          '    at maybeClose (node:internal/child_process:1101:16)\n' +
          '    at Socket.<anonymous> (node:internal/child_process:456:11)\n' +
          '    at Socket.emit (node:events:519:28)\n' +
          '    at Pipe.<anonymous> (node:net:346:12)'
      },
      isPermanentFailure: false
    }
  ]
}
11:40:59.178 detox[20371] [90mi[39m dispatching event to  primary-20370 /tmp/detox.primary-20370  :  reportTestResults , {
  testResults: [
    {
      success: false,
      testFilePath: '/Users/toni/Projects/PipeflowClean/e2e/pipeflow.test.js',
      testExecError: {
        code: 127,
        killed: false,
        signal: null,
        cmd: 'applesimutils --version',
        stdout: '',
        stderr: '/bin/sh: applesimutils: command not found\n',
        name: 'Error',
        message: 'Command failed: applesimutils --version\n' +
          '/bin/sh: applesimutils: command not found\n',
        stack: 'Error: Command failed: applesimutils --version\n' +
          '/bin/sh: applesimutils: command not found\n' +
          '\n' +
          '    at genericNodeError (node:internal/errors:983:15)\n' +
          '    at wrappedFn (node:internal/errors:537:14)\n' +
          '    at ChildProcess.exithandler (node:child_process:417:12)\n' +
          '    at ChildProcess.emit (node:events:519:28)\n' +
          '    at maybeClose (node:internal/child_process:1101:16)\n' +
          '    at Socket.<anonymous> (node:internal/child_process:456:11)\n' +
          '    at Socket.emit (node:events:519:28)\n' +
          '    at Pipe.<anonymous> (node:net:346:12)'
      },
      isPermanentFailure: false
    }
  ]
}
11:40:59.179 detox[20370] [90mi[39m dispatching event to socket  :  reportTestResultsDone {
  testResults: [
    {
      success: false,
      testFilePath: '/Users/toni/Projects/PipeflowClean/e2e/pipeflow.test.js',
      testExecError: {
        code: 127,
        killed: false,
        signal: null,
        cmd: 'applesimutils --version',
        stdout: '',
        stderr: '/bin/sh: applesimutils: command not found\n',
        name: 'Error',
        message: 'Command failed: applesimutils --version\n' +
          '/bin/sh: applesimutils: command not found\n',
        stack: 'Error: Command failed: applesimutils --version\n' +
          '/bin/sh: applesimutils: command not found\n' +
          '\n' +
          '    at genericNodeError (node:internal/errors:983:15)\n' +
          '    at wrappedFn (node:internal/errors:537:14)\n' +
          '    at ChildProcess.exithandler (node:child_process:417:12)\n' +
          '    at ChildProcess.emit (node:events:519:28)\n' +
          '    at maybeClose (node:internal/child_process:1101:16)\n' +
          '    at Socket.<anonymous> (node:internal/child_process:456:11)\n' +
          '    at Socket.emit (node:events:519:28)\n' +
          '    at Pipe.<anonymous> (node:net:346:12)'
      },
      isPermanentFailure: false
    }
  ]
}
11:40:59.179 detox[20370] [90mi[39m broadcasting event to all known sockets listening to  /tmp/detox.primary-20370  :   sessionStateUpdate {
  testResults: [
    {
      success: false,
      testFilePath: '/Users/toni/Projects/PipeflowClean/e2e/pipeflow.test.js',
      testExecError: {
        code: 127,
        killed: false,
        signal: null,
        cmd: 'applesimutils --version',
        stdout: '',
        stderr: '/bin/sh: applesimutils: command not found\n',
        name: 'Error',
        message: 'Command failed: applesimutils --version\n' +
          '/bin/sh: applesimutils: command not found\n',
        stack: 'Error: Command failed: applesimutils --version\n' +
          '/bin/sh: applesimutils: command not found\n' +
          '\n' +
          '    at genericNodeError (node:internal/errors:983:15)\n' +
          '    at wrappedFn (node:internal/errors:537:14)\n' +
          '    at ChildProcess.exithandler (node:child_process:417:12)\n' +
          '    at ChildProcess.emit (node:events:519:28)\n' +
          '    at maybeClose (node:internal/child_process:1101:16)\n' +
          '    at Socket.<anonymous> (node:internal/child_process:456:11)\n' +
          '    at Socket.emit (node:events:519:28)\n' +
          '    at Pipe.<anonymous> (node:net:346:12)'
      },
      isPermanentFailure: false
    }
  ]
}
11:40:59.179 detox[20371] [90mi[39m ## received events ##
11:40:59.179 detox[20371] [90mi[39m detected event reportTestResultsDone {
  testResults: [
    {
      success: false,
      testFilePath: '/Users/toni/Projects/PipeflowClean/e2e/pipeflow.test.js',
      testExecError: {
        code: 127,
        killed: false,
        signal: null,
        cmd: 'applesimutils --version',
        stdout: '',
        stderr: '/bin/sh: applesimutils: command not found\n',
        name: 'Error',
        message: 'Command failed: applesimutils --version\n' +
          '/bin/sh: applesimutils: command not found\n',
        stack: 'Error: Command failed: applesimutils --version\n' +
          '/bin/sh: applesimutils: command not found\n' +
          '\n' +
          '    at genericNodeError (node:internal/errors:983:15)\n' +
          '    at wrappedFn (node:internal/errors:537:14)\n' +
          '    at ChildProcess.exithandler (node:child_process:417:12)\n' +
          '    at ChildProcess.emit (node:events:519:28)\n' +
          '    at maybeClose (node:internal/child_process:1101:16)\n' +
          '    at Socket.<anonymous> (node:internal/child_process:456:11)\n' +
          '    at Socket.emit (node:events:519:28)\n' +
          '    at Pipe.<anonymous> (node:net:346:12)'
      },
      isPermanentFailure: false
    }
  ]
}
11:40:59.182 detox[20370] [90mi[39m socket disconnected secondary-20371
11:40:59.182 detox[20371] [90mi[39m connection closed primary-20370 /tmp/detox.primary-20370 0 tries remaining of 0
11:40:59.182 detox[20371] [90mi[39m secondary-20371 exceeded connection rety amount of  or stopRetrying flag set.
11:40:59.289 detox[20370] [90mE[39m Command failed with exit code = 1:
jest --config e2e/jest.config.js
11:40:59.290 detox[20370] [90mB[39m cleanup
  args: ()
11:40:59.295 detox[20370] [90mE[39m cleanup
11:40:59.295 detox[20370] [90mi[39m Detox server has been closed gracefully
11:40:59.296 detox[20370] [90mE[39m node_modules/.bin/detox test --configuration ios.sim.debug --take-screenshots all
